running egg_info
creating ../../build/ROS2_suii/ROS2_suii.egg-info
writing ../../build/ROS2_suii/ROS2_suii.egg-info/PKG-INFO
writing dependency_links to ../../build/ROS2_suii/ROS2_suii.egg-info/dependency_links.txt
writing entry points to ../../build/ROS2_suii/ROS2_suii.egg-info/entry_points.txt
writing requirements to ../../build/ROS2_suii/ROS2_suii.egg-info/requires.txt
writing top-level names to ../../build/ROS2_suii/ROS2_suii.egg-info/top_level.txt
writing manifest file '../../build/ROS2_suii/ROS2_suii.egg-info/SOURCES.txt'
reading manifest file '../../build/ROS2_suii/ROS2_suii.egg-info/SOURCES.txt'
writing manifest file '../../build/ROS2_suii/ROS2_suii.egg-info/SOURCES.txt'
running build
running build_py
creating /home/robohub/ROS2_Robohub/suii/build/ROS2_suii/build
creating /home/robohub/ROS2_Robohub/suii/build/ROS2_suii/build/lib
creating /home/robohub/ROS2_Robohub/suii/build/ROS2_suii/build/lib/ROS2_suii
copying ROS2_suii/__init__.py -> /home/robohub/ROS2_Robohub/suii/build/ROS2_suii/build/lib/ROS2_suii
running install
running install_lib
creating /home/robohub/ROS2_Robohub/suii/install/ROS2_suii/lib/python3.8/site-packages/ROS2_suii
copying /home/robohub/ROS2_Robohub/suii/build/ROS2_suii/build/lib/ROS2_suii/__init__.py -> /home/robohub/ROS2_Robohub/suii/install/ROS2_suii/lib/python3.8/site-packages/ROS2_suii
byte-compiling /home/robohub/ROS2_Robohub/suii/install/ROS2_suii/lib/python3.8/site-packages/ROS2_suii/__init__.py to __init__.cpython-38.pyc
running install_data
creating /home/robohub/ROS2_Robohub/suii/install/ROS2_suii/share/ament_index
creating /home/robohub/ROS2_Robohub/suii/install/ROS2_suii/share/ament_index/resource_index
creating /home/robohub/ROS2_Robohub/suii/install/ROS2_suii/share/ament_index/resource_index/packages
copying resource/ROS2_suii -> /home/robohub/ROS2_Robohub/suii/install/ROS2_suii/share/ament_index/resource_index/packages
copying package.xml -> /home/robohub/ROS2_Robohub/suii/install/ROS2_suii/share/ROS2_suii
running install_egg_info
Copying ../../build/ROS2_suii/ROS2_suii.egg-info to /home/robohub/ROS2_Robohub/suii/install/ROS2_suii/lib/python3.8/site-packages/ROS2_suii-0.0.0-py3.8.egg-info
running install_scripts
writing list of installed files to '/home/robohub/ROS2_Robohub/suii/build/ROS2_suii/install.log'
